#
# There is insufficient memory for the Java Runtime Environment to continue.
# Native memory allocation (mmap) failed to map 266338304 bytes. Error detail: G1 virtual space
# Possible reasons:
#   The system is out of physical RAM or swap space
#   This process is running with CompressedOops enabled, and the Java Heap may be blocking the growth of the native heap
# Possible solutions:
#   Reduce memory load on the system
#   Increase physical memory or swap space
#   Check if swap backing store is full
#   Decrease Java heap size (-Xmx/-Xms)
#   Decrease number of Java threads
#   Decrease Java thread stack sizes (-Xss)
#   Set larger code cache with -XX:ReservedCodeCacheSize=
#   JVM is running with Zero Based Compressed Oops mode in which the Java heap is
#     placed in the first 32GB address space. The Java Heap base address is the
#     maximum limit for the native heap growth. Please use -XX:HeapBaseMinAddress
#     to set the Java Heap base and to place the Java Heap above 32GB virtual address.
# This output file may be truncated or incomplete.
#
#  Out of Memory Error (os_windows.cpp:3828), pid=19308, tid=19708
#
# JRE version:  (21.0.5) (build )
# Java VM: OpenJDK 64-Bit Server VM (21.0.5+-12932927-b750.29, mixed mode, sharing, tiered, compressed oops, compressed class ptrs, g1 gc, windows-amd64)
# No core dump will be written. Minidumps are not enabled by default on client versions of Windows
#

---------------  S U M M A R Y ------------

Command Line: org.jetbrains.kotlin.cli.jvm.K2JVMCompiler @C:\Users\alex_\OneDrive\Documents\GitHub\Examen2_SaucedaRayos\app\build\20250325_10270263632897305932.compiler.options

Host: 11th Gen Intel(R) Core(TM) i5-1135G7 @ 2.40GHz, 8 cores, 15G,  Windows 11 , 64 bit Build 26100 (10.0.26100.3323)
Time: Tue Mar 25 22:44:40 2025 Hora estándar Montañas, EE.UU. elapsed time: 0.016000 seconds (0d 0h 0m 0s)

---------------  T H R E A D  ---------------

Current thread (0x000001edee711630):  JavaThread "Unknown thread" [_thread_in_vm, id=19708, stack(0x0000009b92b00000,0x0000009b92c00000) (1024K)]

Stack: [0x0000009b92b00000,0x0000009b92c00000]
Native frames: (J=compiled Java code, j=interpreted, Vv=VM code, C=native code)
V  [jvm.dll+0x6cfb29]
V  [jvm.dll+0x85ded3]
V  [jvm.dll+0x86042e]
V  [jvm.dll+0x860b13]
V  [jvm.dll+0x27e6b6]
V  [jvm.dll+0x6cc385]
V  [jvm.dll+0x6c078a]
V  [jvm.dll+0x35525b]
V  [jvm.dll+0x35ceb6]
V  [jvm.dll+0x3aedd6]
V  [jvm.dll+0x3af0a8]
V  [jvm.dll+0x32792c]
V  [jvm.dll+0x32861b]
V  [jvm.dll+0x825919]
V  [jvm.dll+0x3bbfa8]
V  [jvm.dll+0x80ec88]
V  [jvm.dll+0x45015e]
V  [jvm.dll+0x4518c1]
C  [jli.dll+0x52ab]
C  [ucrtbase.dll+0x37b0]
C  [KERNEL32.DLL+0x2e8d7]
C  [ntdll.dll+0xbbf6c]


---------------  P R O C E S S  ---------------

Threads class SMR info:
_java_thread_list=0x00007ffc92f00808, length=0, elements={
}

Java Threads: ( => current thread )
Total: 0

Other Threads:
  0x000001edeea4e4a0 WorkerThread "GC Thread#0"                     [id=5944, stack(0x0000009b92c00000,0x0000009b92d00000) (1024K)]
  0x000001edeea5ff50 ConcurrentGCThread "G1 Main Marker"            [id=20764, stack(0x0000009b92d00000,0x0000009b92e00000) (1024K)]
  0x000001edeea60a50 WorkerThread "G1 Conc#0"                       [id=20552, stack(0x0000009b92e00000,0x0000009b92f00000) (1024K)]

[error occurred during error reporting (printing all threads), id 0xc0000005, EXCEPTION_ACCESS_VIOLATION (0xc0000005) at pc=0x00007ffc926fa967]
VM state: not at safepoint (not fully initialized)

VM Mutex/Monitor currently owned by a thread:  ([mutex/lock_event])
[0x00007ffc92f6d460] Heap_lock - owner thread: 0x000001edee711630

Heap address: 0x0000000703600000, size: 4042 MB, Compressed Oops mode: Zero based, Oop shift amount: 3

CDS archive(s) mapped at: [0x0000000000000000-0x0000000000000000-0x0000000000000000), size 0, SharedBaseAddress: 0x0000000800000000, ArchiveRelocationMode: 1.
Narrow klass base: 0x0000000000000000, Narrow klass shift: 0, Narrow klass range: 0x0

GC Precious Log:
 CardTable entry size: 512
 Card Set container configuration: InlinePtr #cards 4 size 8 Array Of Cards #cards 16 size 48 Howl #buckets 8 coarsen threshold 3686 Howl Bitmap #cards 512 size 80 coarsen threshold 460 Card regions per heap region 1 cards per card region 4096

Heap:
 garbage-first heap   total 0K, used 0K [0x0000000703600000, 0x0000000800000000)
  region size 2048K, 0 young (0K), 0 survivors (0K)
 Metaspace       used 0K, committed 0K, reserved 0K
  class space    used 0K, committed 0K, reserved 0K

Heap Regions: E=young(eden), S=young(survivor), O=old, HS=humongous(starts), HC=humongous(continues), CS=collection set, F=free, TAMS=top-at-mark-start, PB=parsable bottom

Card table byte_map: [0x000001edf45c0000,0x000001edf4db0000] _byte_map_base: 0x000001edf0da5000

Marking Bits: (CMBitMap*) 0x000001edeea4eba0
 Bits: [0x000001edf4db0000, 0x000001edf8cd8000)

GC Heap History (0 events):
No events

Dll operation events (1 events):
Event: 0.012 Loaded shared library C:\Program Files\Android\Android Studio1\jbr\bin\java.dll

Deoptimization events (0 events):
No events

Classes loaded (0 events):
No events

Classes unloaded (0 events):
No events

Classes redefined (0 events):
No events

Internal exceptions (0 events):
No events

ZGC Phase Switch (0 events):
No events

VM Operations (0 events):
No events

Memory protections (0 events):
No events

Nmethod flushes (0 events):
No events

Events (0 events):
No events


Dynamic libraries:
0x00007ff67bf70000 - 0x00007ff67bf7a000 	C:\Program Files\Android\Android Studio1\jbr\bin\java.exe
0x00007ffd2c3a0000 - 0x00007ffd2c603000 	C:\WINDOWS\SYSTEM32\ntdll.dll
0x00007ffd2ae10000 - 0x00007ffd2aed7000 	C:\WINDOWS\System32\KERNEL32.DLL
0x00007ffd29df0000 - 0x00007ffd2a1b9000 	C:\WINDOWS\System32\KERNELBASE.dll
0x00007ffd29ab0000 - 0x00007ffd29bfc000 	C:\WINDOWS\System32\ucrtbase.dll
0x00007ffd0e220000 - 0x00007ffd0e238000 	C:\Program Files\Android\Android Studio1\jbr\bin\jli.dll
0x00007ffd2b720000 - 0x00007ffd2b8ea000 	C:\WINDOWS\System32\USER32.dll
0x00007ffd297d0000 - 0x00007ffd297f7000 	C:\WINDOWS\System32\win32u.dll
0x00007ffd2be60000 - 0x00007ffd2be8a000 	C:\WINDOWS\System32\GDI32.dll
0x00007ffd29800000 - 0x00007ffd29931000 	C:\WINDOWS\System32\gdi32full.dll
0x00007ffd295a0000 - 0x00007ffd29643000 	C:\WINDOWS\System32\msvcp_win.dll
0x00007ffd16170000 - 0x00007ffd1618b000 	C:\Program Files\Android\Android Studio1\jbr\bin\VCRUNTIME140.dll
0x00007ffd0d410000 - 0x00007ffd0d6a0000 	C:\WINDOWS\WinSxS\amd64_microsoft.windows.common-controls_6595b64144ccf1df_6.0.26100.3323_none_3e088096e3344490\COMCTL32.dll
0x00007ffd2b470000 - 0x00007ffd2b519000 	C:\WINDOWS\System32\msvcrt.dll
0x00007ffd2b9d0000 - 0x00007ffd2b9ff000 	C:\WINDOWS\System32\IMM32.DLL
0x00007ffd21d90000 - 0x00007ffd21d9c000 	C:\Program Files\Android\Android Studio1\jbr\bin\vcruntime140_1.dll
0x00007ffce1720000 - 0x00007ffce17ad000 	C:\Program Files\Android\Android Studio1\jbr\bin\msvcp140.dll
0x00007ffc923c0000 - 0x00007ffc9304a000 	C:\Program Files\Android\Android Studio1\jbr\bin\server\jvm.dll
0x00007ffd2be90000 - 0x00007ffd2bf42000 	C:\WINDOWS\System32\ADVAPI32.dll
0x00007ffd2ad10000 - 0x00007ffd2adb6000 	C:\WINDOWS\System32\sechost.dll
0x00007ffd2a240000 - 0x00007ffd2a356000 	C:\WINDOWS\System32\RPCRT4.dll
0x00007ffd2c2e0000 - 0x00007ffd2c354000 	C:\WINDOWS\System32\WS2_32.dll
0x00007ffd28250000 - 0x00007ffd2829e000 	C:\WINDOWS\SYSTEM32\POWRPROF.dll
0x00007ffd227d0000 - 0x00007ffd22806000 	C:\WINDOWS\SYSTEM32\WINMM.dll
0x00007ffd17970000 - 0x00007ffd1797b000 	C:\WINDOWS\SYSTEM32\VERSION.dll
0x00007ffd28230000 - 0x00007ffd28244000 	C:\WINDOWS\SYSTEM32\UMPDC.dll
0x00007ffd284d0000 - 0x00007ffd284ea000 	C:\WINDOWS\SYSTEM32\kernel.appcore.dll
0x00007ffd21d40000 - 0x00007ffd21d4a000 	C:\Program Files\Android\Android Studio1\jbr\bin\jimage.dll
0x00007ffd266a0000 - 0x00007ffd268e1000 	C:\WINDOWS\SYSTEM32\DBGHELP.DLL
0x00007ffd2bf50000 - 0x00007ffd2c2d2000 	C:\WINDOWS\System32\combase.dll
0x00007ffd2b8f0000 - 0x00007ffd2b9c6000 	C:\WINDOWS\System32\OLEAUT32.dll
0x00007ffd22770000 - 0x00007ffd227a9000 	C:\WINDOWS\SYSTEM32\dbgcore.DLL
0x00007ffd29c90000 - 0x00007ffd29d29000 	C:\WINDOWS\System32\bcryptPrimitives.dll
0x00007ffd16150000 - 0x00007ffd16170000 	C:\Program Files\Android\Android Studio1\jbr\bin\java.dll

dbghelp: loaded successfully - version: 4.0.5 - missing functions: none
symbol engine: initialized successfully - sym options: 0x614 - pdb path: .;C:\Program Files\Android\Android Studio1\jbr\bin;C:\WINDOWS\SYSTEM32;C:\WINDOWS\WinSxS\amd64_microsoft.windows.common-controls_6595b64144ccf1df_6.0.26100.3323_none_3e088096e3344490;C:\Program Files\Android\Android Studio1\jbr\bin\server

VM Arguments:
java_command: org.jetbrains.kotlin.cli.jvm.K2JVMCompiler @C:\Users\alex_\OneDrive\Documents\GitHub\Examen2_SaucedaRayos\app\build\20250325_10270263632897305932.compiler.options
java_class_path (initial): C:\Users\alex_\.gradle\caches\modules-2\files-2.1\org.jetbrains.kotlin\kotlin-compiler-embeddable\1.9.24\78dab849090e6c5e2eadb6e59a11cdc28fb67a08\kotlin-compiler-embeddable-1.9.24.jar;C:\Users\alex_\.gradle\caches\modules-2\files-2.1\org.jetbrains.kotlin\kotlin-stdlib\1.9.24\9928532f12c66ad816a625b3f9984f8368ca6d2b\kotlin-stdlib-1.9.24.jar;C:\Users\alex_\.gradle\caches\modules-2\files-2.1\org.jetbrains.kotlin\kotlin-script-runtime\1.9.24\96771497da90fbc5af1c90fce148db2595a62502\kotlin-script-runtime-1.9.24.jar;C:\Users\alex_\.gradle\caches\modules-2\files-2.1\org.jetbrains.kotlin\kotlin-reflect\1.6.10\1cbe9c92c12a94eea200d23c2bbaedaf3daf5132\kotlin-reflect-1.6.10.jar;C:\Users\alex_\.gradle\caches\modules-2\files-2.1\org.jetbrains.kotlin\kotlin-daemon-embeddable\1.9.24\86685b9c5e8d170925bd9ddbdc263374a6a73281\kotlin-daemon-embeddable-1.9.24.jar;C:\Users\alex_\.gradle\caches\modules-2\files-2.1\org.jetbrains.intellij.deps\trove4j\1.0.20200330\3afb14d5f9ceb459d724e907a21145e8ff394f02\trove4j-1.0.20200330.jar;C:\Users\alex_\.gradle\caches\modules-2\files-2.1\org.jetbrains\annotations\13.0\919f0dfe192fb4e063e7dacadee7f8bb9a2672a9\annotations-13.0.jar
Launcher Type: SUN_STANDARD

[Global flags]
     intx CICompilerCount                          = 4                                         {product} {ergonomic}
     uint ConcGCThreads                            = 2                                         {product} {ergonomic}
     uint G1ConcRefinementThreads                  = 8                                         {product} {ergonomic}
   size_t G1HeapRegionSize                         = 2097152                                   {product} {ergonomic}
    uintx GCDrainStackTargetSize                   = 64                                        {product} {ergonomic}
   size_t InitialHeapSize                          = 266338304                                 {product} {ergonomic}
   size_t MarkStackSize                            = 4194304                                   {product} {ergonomic}
   size_t MaxHeapSize                              = 4238344192                                {product} {ergonomic}
   size_t MinHeapDeltaBytes                        = 2097152                                   {product} {ergonomic}
   size_t MinHeapSize                              = 8388608                                   {product} {ergonomic}
    uintx NonNMethodCodeHeapSize                   = 5839372                                {pd product} {ergonomic}
    uintx NonProfiledCodeHeapSize                  = 122909434                              {pd product} {ergonomic}
    uintx ProfiledCodeHeapSize                     = 122909434                              {pd product} {ergonomic}
    uintx ReservedCodeCacheSize                    = 251658240                              {pd product} {ergonomic}
     bool SegmentedCodeCache                       = true                                      {product} {ergonomic}
   size_t SoftMaxHeapSize                          = 4238344192                             {manageable} {ergonomic}
     bool UseCompressedOops                        = true                           {product lp64_product} {ergonomic}
     bool UseG1GC                                  = true                                      {product} {ergonomic}
     bool UseLargePagesIndividualAllocation        = false                                  {pd product} {ergonomic}

Logging:
Log output configuration:
 #0: stdout all=warning uptime,level,tags foldmultilines=false
 #1: stderr all=off uptime,level,tags foldmultilines=false

Environment Variables:
JAVA_HOME=C:\Program Files (x86)\Java\jdk-18.0.2.1
PATH=C:\Program Files\Common Files\Oracle\Java\javapath;C:\Program Files (x86)\Common Files\Oracle\Java\java8path;C:\Program Files (x86)\Common Files\Oracle\Java\javapath;C:\Windows\system32;C:\Windows;C:\Windows\System32\Wbem;C:\Windows\System32\WindowsPowerShell\v1.0\;C:\Windows\System32\OpenSSH\;C:\Program Files (x86)\NVIDIA Corporation\PhysX\Common;C:\Program Files\NVIDIA Corporation\NVIDIA NvDLISR;C:\Program Files (x86)\Java\jdk-18.0.2.1\bin;C:\Program Files\dotnet\;C:\Workspace\apache-maven-3.9.6-bin\apache-maven-3.9.6\bin;C:\Program Files\nodejs\;C:\WINDOWS\system32;C:\WINDOWS;C:\WINDOWS\System32\Wbem;C:\WINDOWS\System32\WindowsPowerShell\v1.0\;C:\WINDOWS\System32\OpenSSH\;C:\Workspace\gradle-8.12.1\bin;C:\Users\alex_\AppData\Local\Packages\PythonSoftwareFoundation.Python.3.13_qbz5n2kfra8p0\LocalCache\local-packages\Python313\Scripts;C:\Program Files\Git\cmd;C:\Users\alex_\AppData\Local\Microsoft\WindowsApps;C:\Users\alex_\.dotnet\tools;C:\Users\alex_\AppData\Local\GitHubDesktop\bin;C:\Users\alex_\AppData\Roaming\npm;C:\Users\alex_\AppData\Local\Programs\Microsoft VS Code\bin;
USERNAME=alex_
OS=Windows_NT
PROCESSOR_IDENTIFIER=Intel64 Family 6 Model 140 Stepping 1, GenuineIntel
TMP=C:\Users\alex_\AppData\Local\Temp
TEMP=C:\Users\alex_\AppData\Local\Temp




Periodic native trim disabled

JNI global refs:
JNI global refs: 0, weak refs: 0

JNI global refs memory usage: 0, weak refs: 0

Process memory usage:
Resident Set Size: 12844K (0% of 16555320K total physical memory with 851012K free physical memory)

OOME stack traces (most recent first):
Classloader memory used:

---------------  S Y S T E M  ---------------

OS:
 Windows 11 , 64 bit Build 26100 (10.0.26100.3323)
OS uptime: 2 days 5:15 hours

CPU: total 8 (initial active 8) (4 cores per cpu, 2 threads per core) family 6 model 140 stepping 1 microcode 0x8a, cx8, cmov, fxsr, ht, mmx, 3dnowpref, sse, sse2, sse3, ssse3, sse4.1, sse4.2, popcnt, lzcnt, tsc, tscinvbit, avx, avx2, aes, erms, clmul, bmi1, bmi2, adx, avx512f, avx512dq, avx512cd, avx512bw, avx512vl, sha, fma, vzeroupper, avx512_vpopcntdq, avx512_vpclmulqdq, avx512_vaes, avx512_vnni, clflush, clflushopt, clwb, avx512_vbmi2, avx512_vbmi, rdtscp, rdpid, fsrm, gfni, avx512_bitalg, f16c, pku, cet_ibt, cet_ss, avx512_ifma
Processor Information for all 8 processors :
  Max Mhz: 2419, Current Mhz: 2419, Mhz Limit: 2419

Memory: 4k page, system-wide physical 16167M (830M free)
TotalPageFile size 29429M (AvailPageFile size 166M)
current process WorkingSet (physical memory assigned to process): 12M, peak: 12M
current process commit charge ("private bytes"): 60M, peak: 314M

vm_info: OpenJDK 64-Bit Server VM (21.0.5+-12932927-b750.29) for windows-amd64 JRE (21.0.5+-12932927-b750.29), built on 2025-01-17T02:01:10Z by "builder" with MS VC++ 16.10 / 16.11 (VS2019)

END.
